[09:2622:22.900] - 0:0:0:0:0:0:0:1:web::http://localhost:8081/spring/main
[09:2623:23.149] - 0:0:0:0:0:0:0:1:web::http://localhost:8081/spring/resources/js/main/main.js
[09:2623:23.259] - 0:0:0:0:0:0:0:1:web::http://localhost:8081/spring/member/selectAll
[09:2633:33.886] - 0:0:0:0:0:0:0:1:web::http://localhost:8081/spring/member/selectAll
[09:2643:43.267] - 0:0:0:0:0:0:0:1:web::http://localhost:8081/spring/member/selectAll
[09:2643:43.525] - 0:0:0:0:0:0:0:1:web::http://localhost:8081/spring/board/list/N
[09:2643:43.673] - 0:0:0:0:0:0:0:1:web::http://localhost:8081/spring/resources/images/user.jpg
[09:4443:43.817] - 0:0:0:0:0:0:0:1:web::http://localhost:8081/spring/main
[09:4444:44.015] - 0:0:0:0:0:0:0:1:web::http://localhost:8081/spring/member/selectAll
[09:4453:53.595] - 0:0:0:0:0:0:0:1:web::http://localhost:8081/spring/member/login?userId=shwldml@naver.com&userPwd=1111&saveId=on
[09:4453:53.763] - 0:0:0:0:0:0:0:1:web::http://localhost:8081/spring/main
[09:4453:53.801] - 0:0:0:0:0:0:0:1:web::http://localhost:8081/spring/member/selectAll
[09:453:03.818] - 0:0:0:0:0:0:0:1:web::http://localhost:8081/spring/member/selectAll
[09:4513:13.814] - 0:0:0:0:0:0:0:1:web::http://localhost:8081/spring/member/selectAll
[09:4523:23.806] - 0:0:0:0:0:0:0:1:web::http://localhost:8081/spring/member/selectAll
[09:4539:39.432] - 0:0:0:0:0:0:0:1:web::http://localhost:8081/spring/member/selectAll
[09:4543:43.817] - 0:0:0:0:0:0:0:1:web::http://localhost:8081/spring/member/selectAll
[09:4553:53.803] - 0:0:0:0:0:0:0:1:web::http://localhost:8081/spring/member/selectAll
[09:463:03.802] - 0:0:0:0:0:0:0:1:web::http://localhost:8081/spring/member/selectAll
[09:4613:13.813] - 0:0:0:0:0:0:0:1:web::http://localhost:8081/spring/member/selectAll
[09:4623:23.822] - 0:0:0:0:0:0:0:1:web::http://localhost:8081/spring/member/selectAll
[09:4633:33.815] - 0:0:0:0:0:0:0:1:web::http://localhost:8081/spring/member/selectAll
[09:5444:44.737] - 0:0:0:0:0:0:0:1:web::http://localhost:8081/spring/member/selectAll
[09:5453:53.807] - 0:0:0:0:0:0:0:1:web::http://localhost:8081/spring/member/selectAll
[09:553:03.809] - 0:0:0:0:0:0:0:1:web::http://localhost:8081/spring/member/selectAll
[09:5513:13.825] - 0:0:0:0:0:0:0:1:web::http://localhost:8081/spring/member/selectAll
[09:5523:23.808] - 0:0:0:0:0:0:0:1:web::http://localhost:8081/spring/member/selectAll
[09:5533:33.812] - 0:0:0:0:0:0:0:1:web::http://localhost:8081/spring/member/selectAll
[09:5543:43.805] - 0:0:0:0:0:0:0:1:web::http://localhost:8081/spring/member/selectAll
[09:5553:53.809] - 0:0:0:0:0:0:0:1:web::http://localhost:8081/spring/member/selectAll
[09:563:03.821] - 0:0:0:0:0:0:0:1:web::http://localhost:8081/spring/member/selectAll
[10:1226:26.555] - 0:0:0:0:0:0:0:1:web::http://localhost:8081/spring/member/selectAll
[10:1233:33.823] - 0:0:0:0:0:0:0:1:web::http://localhost:8081/spring/member/selectAll
[10:1234:34.457] - 0:0:0:0:0:0:0:1:web::http://localhost:8081/spring/main
[10:1234:34.603] - 0:0:0:0:0:0:0:1:web::http://localhost:8081/spring/member/selectAll
[10:1241:41.458] - 0:0:0:0:0:0:0:1:web::http://localhost:8081/spring/member/login?userId=shwldml@naver.com&userPwd=1111&saveId=on
[10:1241:41.605] - 0:0:0:0:0:0:0:1:web::http://localhost:8081/spring/main
[10:1241:41.644] - 0:0:0:0:0:0:0:1:web::http://localhost:8081/spring/member/selectAll
[10:1250:50.624] - 0:0:0:0:0:0:0:1:web::http://localhost:8081/spring/board/list/N
[10:143:03.270] - 0:0:0:0:0:0:0:1:web::http://localhost:8081/spring/main
[10:143:03.449] - 0:0:0:0:0:0:0:1:web::http://localhost:8081/spring/member/selectAll
[10:1413:13.452] - 0:0:0:0:0:0:0:1:web::http://localhost:8081/spring/member/selectAll
[10:1423:23.463] - 0:0:0:0:0:0:0:1:web::http://localhost:8081/spring/member/selectAll
[10:1429:29.538] - 0:0:0:0:0:0:0:1:web::http://localhost:8081/spring/board/list/N
[10:2045:45.428] - 0:0:0:0:0:0:0:1:web::http://localhost:8081/spring/main
[10:2045:45.642] - 0:0:0:0:0:0:0:1:web::http://localhost:8081/spring/member/selectAll
[10:2055:55.661] - 0:0:0:0:0:0:0:1:web::http://localhost:8081/spring/member/selectAll
[10:215:05.652] - 0:0:0:0:0:0:0:1:web::http://localhost:8081/spring/member/selectAll
[10:2115:15.655] - 0:0:0:0:0:0:0:1:web::http://localhost:8081/spring/member/selectAll
[10:2125:25.654] - 0:0:0:0:0:0:0:1:web::http://localhost:8081/spring/member/selectAll
[10:2135:35.657] - 0:0:0:0:0:0:0:1:web::http://localhost:8081/spring/member/selectAll
[10:3532:32.285] - 0:0:0:0:0:0:0:1:web::http://localhost:8081/spring/member/selectAll
[10:3535:35.658] - 0:0:0:0:0:0:0:1:web::http://localhost:8081/spring/member/selectAll
[10:3545:45.652] - 0:0:0:0:0:0:0:1:web::http://localhost:8081/spring/member/selectAll
[10:3555:55.650] - 0:0:0:0:0:0:0:1:web::http://localhost:8081/spring/member/selectAll
[10:365:05.660] - 0:0:0:0:0:0:0:1:web::http://localhost:8081/spring/member/selectAll
[10:428:08.510] - 0:0:0:0:0:0:0:1:web::http://localhost:8081/spring/member/selectAll
[10:4215:15.658] - 0:0:0:0:0:0:0:1:web::http://localhost:8081/spring/member/selectAll
[10:4225:25.653] - 0:0:0:0:0:0:0:1:web::http://localhost:8081/spring/member/selectAll
[10:4235:35.650] - 0:0:0:0:0:0:0:1:web::http://localhost:8081/spring/member/selectAll
[10:4241:41.886] - 0:0:0:0:0:0:0:1:web::http://localhost:8081/spring/member/login?userId=shwldml@naver.com&userPwd=1111&saveId=on
[10:4242:42.136] - 0:0:0:0:0:0:0:1:web::http://localhost:8081/spring/main
[10:4242:42.287] - 0:0:0:0:0:0:0:1:web::http://localhost:8081/spring/member/selectAll
[10:4252:52.153] - 0:0:0:0:0:0:0:1:web::http://localhost:8081/spring/main
[10:4252:52.185] - 0:0:0:0:0:0:0:1:web::http://localhost:8081/spring/member/selectAll
[10:4255:55.932] - 0:0:0:0:0:0:0:1:web::http://localhost:8081/spring/member/login?userId=shwldml@naver.com&userPwd=1111&saveId=on
[10:4256:56.002] - 0:0:0:0:0:0:0:1:web::http://localhost:8081/spring/main
[10:4256:56.031] - 0:0:0:0:0:0:0:1:web::http://localhost:8081/spring/member/selectAll
[10:432:02.723] - 0:0:0:0:0:0:0:1:web::http://localhost:8081/spring/main
[10:432:02.756] - 0:0:0:0:0:0:0:1:web::http://localhost:8081/spring/member/selectAll
[10:436:06.021] - 0:0:0:0:0:0:0:1:web::http://localhost:8081/spring/member/login?userId=shwldml@naver.com&userPwd=1111&saveId=on
[10:436:06.091] - 0:0:0:0:0:0:0:1:web::http://localhost:8081/spring/main
[10:436:06.117] - 0:0:0:0:0:0:0:1:web::http://localhost:8081/spring/member/selectAll
[10:438:08.885] - 0:0:0:0:0:0:0:1:web::http://localhost:8081/spring/chat/chatRoomList
[10:439:09.010] - 0:0:0:0:0:0:0:1:web::http://localhost:8081/spring/resources/css/chat-style.css
[10:465:05.791] - 0:0:0:0:0:0:0:1:web::http://localhost:8081/spring/main
[10:465:05.935] - 0:0:0:0:0:0:0:1:web::http://localhost:8081/spring/member/selectAll
[10:4615:15.948] - 0:0:0:0:0:0:0:1:web::http://localhost:8081/spring/member/selectAll
[10:4619:19.768] - 0:0:0:0:0:0:0:1:web::http://localhost:8081/spring/member/login?userId=shwldml@naver.com&userPwd=1111&saveId=on
[10:4619:19.925] - 0:0:0:0:0:0:0:1:web::http://localhost:8081/spring/main
[10:4619:19.966] - 0:0:0:0:0:0:0:1:web::http://localhost:8081/spring/member/selectAll
[10:4624:24.036] - 0:0:0:0:0:0:0:1:web::http://localhost:8081/spring/member/login?userId=shwldml@naver.com&userPwd=1234&saveId=on
[10:4624:24.111] - 0:0:0:0:0:0:0:1:web:shwldml@naver.com:http://localhost:8081/spring/main
[10:4624:24.160] - 0:0:0:0:0:0:0:1:web:shwldml@naver.com:http://localhost:8081/spring/member/selectAll
[10:4634:34.181] - 0:0:0:0:0:0:0:1:web:shwldml@naver.com:http://localhost:8081/spring/member/selectAll
[10:4644:44.888] - 0:0:0:0:0:0:0:1:web:shwldml@naver.com:http://localhost:8081/spring/member/selectAll
[10:4654:54.885] - 0:0:0:0:0:0:0:1:web:shwldml@naver.com:http://localhost:8081/spring/member/selectAll
[10:474:04.883] - 0:0:0:0:0:0:0:1:web:shwldml@naver.com:http://localhost:8081/spring/member/selectAll
[10:4714:14.880] - 0:0:0:0:0:0:0:1:web:shwldml@naver.com:http://localhost:8081/spring/member/selectAll
[10:4724:24.880] - 0:0:0:0:0:0:0:1:web:shwldml@naver.com:http://localhost:8081/spring/member/selectAll
[10:4734:34.887] - 0:0:0:0:0:0:0:1:web:shwldml@naver.com:http://localhost:8081/spring/member/selectAll
[10:4814:14.803] - 0:0:0:0:0:0:0:1:web:shwldml@naver.com:http://localhost:8081/spring/member/selectAll
[10:4824:24.163] - 0:0:0:0:0:0:0:1:web:shwldml@naver.com:http://localhost:8081/spring/member/selectAll
[10:4834:34.173] - 0:0:0:0:0:0:0:1:web:shwldml@naver.com:http://localhost:8081/spring/member/selectAll
[10:4844:44.178] - 0:0:0:0:0:0:0:1:web:shwldml@naver.com:http://localhost:8081/spring/member/selectAll
[10:4854:54.171] - 0:0:0:0:0:0:0:1:web:shwldml@naver.com:http://localhost:8081/spring/member/selectAll
[10:494:04.173] - 0:0:0:0:0:0:0:1:web:shwldml@naver.com:http://localhost:8081/spring/member/selectAll
[10:4914:14.879] - 0:0:0:0:0:0:0:1:web:shwldml@naver.com:http://localhost:8081/spring/member/selectAll
[10:4924:24.880] - 0:0:0:0:0:0:0:1:web:shwldml@naver.com:http://localhost:8081/spring/member/selectAll
[10:4934:34.873] - 0:0:0:0:0:0:0:1:web:shwldml@naver.com:http://localhost:8081/spring/member/selectAll
[10:4944:44.890] - 0:0:0:0:0:0:0:1:web:shwldml@naver.com:http://localhost:8081/spring/member/selectAll
[10:4954:54.874] - 0:0:0:0:0:0:0:1:web:shwldml@naver.com:http://localhost:8081/spring/member/selectAll
[10:504:04.886] - 0:0:0:0:0:0:0:1:web:shwldml@naver.com:http://localhost:8081/spring/member/selectAll
[10:5039:39.883] - 0:0:0:0:0:0:0:1:web:shwldml@naver.com:http://localhost:8081/spring/member/selectAll
[10:5142:42.086] - 0:0:0:0:0:0:0:1:web::http://localhost:8081/spring/member/selectAll
[10:5239:39.880] - 0:0:0:0:0:0:0:1:web::http://localhost:8081/spring/member/selectAll
[10:5344:44.229] - 0:0:0:0:0:0:0:1:web::http://localhost:8081/spring/member/selectAll
[11:0440:40.792] - 0:0:0:0:0:0:0:1:web::http://localhost:8081/spring/member/selectAll
[11:0539:39.888] - 0:0:0:0:0:0:0:1:web::http://localhost:8081/spring/member/selectAll
[11:1211:11.533] - 0:0:0:0:0:0:0:1:web::http://localhost:8081/spring/member/selectAll
[11:1212:12.580] - 0:0:0:0:0:0:0:1:web::http://localhost:8081/spring/main
[11:1212:12.761] - 0:0:0:0:0:0:0:1:web::http://localhost:8081/spring/member/selectAll
[11:1215:15.410] - 0:0:0:0:0:0:0:1:web::http://localhost:8081/spring/member/login?userId=shwldml@naver.com&userPwd=f&saveId=on
[11:1215:15.567] - 0:0:0:0:0:0:0:1:web::http://localhost:8081/spring/main
[11:1215:15.609] - 0:0:0:0:0:0:0:1:web::http://localhost:8081/spring/member/selectAll
[11:1225:25.882] - 0:0:0:0:0:0:0:1:web::http://localhost:8081/spring/member/selectAll
[11:1235:35.870] - 0:0:0:0:0:0:0:1:web::http://localhost:8081/spring/member/selectAll
[11:1245:45.874] - 0:0:0:0:0:0:0:1:web::http://localhost:8081/spring/member/selectAll
[11:1255:55.886] - 0:0:0:0:0:0:0:1:web::http://localhost:8081/spring/member/selectAll
[11:1421:21.531] - 0:0:0:0:0:0:0:1:web::http://localhost:8081/spring/member/selectAll
[11:1423:23.188] - 0:0:0:0:0:0:0:1:web::http://localhost:8081/spring/main
[11:1423:23.321] - 0:0:0:0:0:0:0:1:web::http://localhost:8081/spring/member/selectAll
[11:1427:27.136] - 0:0:0:0:0:0:0:1:web::http://localhost:8081/spring/member/login?userId=shwldml@naver.com&userPwd=1111&saveId=on
[11:1427:27.291] - 0:0:0:0:0:0:0:1:web::http://localhost:8081/spring/main
[11:1427:27.322] - 0:0:0:0:0:0:0:1:web::http://localhost:8081/spring/member/selectAll
[11:1428:28.212] - 0:0:0:0:0:0:0:1:web::http://localhost:8081/spring/board/list/N
[11:1429:29.106] - 0:0:0:0:0:0:0:1:web::http://localhost:8081/spring/board/detail/N/32
[13:5130:30.232] - 0:0:0:0:0:0:0:1:web::http://localhost:8081/spring/main
[13:5130:30.385] - 0:0:0:0:0:0:0:1:web::http://localhost:8081/spring/resources/css/main-style.css
[13:5130:30.394] - 0:0:0:0:0:0:0:1:web::http://localhost:8081/spring/resources/images/top_logo.jpg
[13:5130:30.431] - 0:0:0:0:0:0:0:1:web::http://localhost:8081/spring/member/selectAll
[13:5131:31.067] - 0:0:0:0:0:0:0:1:web::http://localhost:8081/spring/board/list/N
[13:5135:35.626] - 0:0:0:0:0:0:0:1:web::http://localhost:8081/spring/member/login?userId=shwldml@naver.com&userPwd=1234&saveId=on
[13:5135:35.734] - 0:0:0:0:0:0:0:1:web:shwldml@naver.com:http://localhost:8081/spring/main
[13:5135:35.790] - 0:0:0:0:0:0:0:1:web:shwldml@naver.com:http://localhost:8081/spring/member/selectAll
[13:5137:37.893] - 0:0:0:0:0:0:0:1:web:shwldml@naver.com:http://localhost:8081/spring/board/list/N
[13:5139:39.766] - 0:0:0:0:0:0:0:1:web:shwldml@naver.com:http://localhost:8081/spring/board/detail/N/32
[13:5139:39.898] - 0:0:0:0:0:0:0:1:web:shwldml@naver.com:http://localhost:8081/spring/reply/selectReplyList?boardNo=32
[13:5146:46.425] - 0:0:0:0:0:0:0:1:web:shwldml@naver.com:http://localhost:8081/spring/reply/insert?refBno=32&replyContent=dhghghhgdhgh&replyWriter=3
[13:5146:46.477] - 0:0:0:0:0:0:0:1:web:shwldml@naver.com:http://localhost:8081/spring/reply/selectReplyList?boardNo=32
[14:0057:57.389] - 0:0:0:0:0:0:0:1:web::http://localhost:8081/spring/main
[14:0057:57.578] - 0:0:0:0:0:0:0:1:web::http://localhost:8081/spring/member/selectAll
[14:014:04.786] - 0:0:0:0:0:0:0:1:web::http://localhost:8081/spring/member/login?userId=shwldml@naver.com&userPwd=1234&saveId=on
[14:014:04.923] - 0:0:0:0:0:0:0:1:web:shwldml@naver.com:http://localhost:8081/spring/main
[14:014:04.992] - 0:0:0:0:0:0:0:1:web:shwldml@naver.com:http://localhost:8081/spring/member/selectAll
[14:016:06.678] - 0:0:0:0:0:0:0:1:web:shwldml@naver.com:http://localhost:8081/spring/board/list/N
[14:017:07.709] - 0:0:0:0:0:0:0:1:web:shwldml@naver.com:http://localhost:8081/spring/board/detail/N/32
[14:018:08.788] - 0:0:0:0:0:0:0:1:web:shwldml@naver.com:http://localhost:8081/spring/reply/selectReplyList?boardNo=32
[14:038:08.020] - 0:0:0:0:0:0:0:1:web:shwldml@naver.com:http://localhost:8081/spring/board/detail/N/32
[14:038:08.309] - 0:0:0:0:0:0:0:1:web:shwldml@naver.com:http://localhost:8081/spring/reply/selectReplyList?boardNo=32
[14:0658:58.995] - 0:0:0:0:0:0:0:1:web::http://localhost:8081/spring/main
[14:0659:59.164] - 0:0:0:0:0:0:0:1:web::http://localhost:8081/spring/member/selectAll
[14:072:02.558] - 0:0:0:0:0:0:0:1:web::http://localhost:8081/spring/member/login?userId=shwldml@naver.com&userPwd=1234&saveId=on
[14:072:02.698] - 0:0:0:0:0:0:0:1:web:shwldml@naver.com:http://localhost:8081/spring/main
[14:072:02.742] - 0:0:0:0:0:0:0:1:web:shwldml@naver.com:http://localhost:8081/spring/member/selectAll
[14:074:04.053] - 0:0:0:0:0:0:0:1:web:shwldml@naver.com:http://localhost:8081/spring/board/list/N
[14:075:05.636] - 0:0:0:0:0:0:0:1:web:shwldml@naver.com:http://localhost:8081/spring/board/detail/N/32
[14:076:06.605] - 0:0:0:0:0:0:0:1:web:shwldml@naver.com:http://localhost:8081/spring/reply/selectReplyList?boardNo=32
[14:078:08.313] - 0:0:0:0:0:0:0:1:web:shwldml@naver.com:http://localhost:8081/spring/reply/delete?replyNo=8
[14:079:09.385] - 0:0:0:0:0:0:0:1:web:shwldml@naver.com:http://localhost:8081/spring/reply/selectReplyList?boardNo=32
[14:0715:15.194] - 0:0:0:0:0:0:0:1:web:shwldml@naver.com:http://localhost:8081/spring/reply/insert?refBno=32&replyContent=호호호&replyWriter=3
[14:0715:15.208] - 0:0:0:0:0:0:0:1:web:shwldml@naver.com:http://localhost:8081/spring/reply/selectReplyList?boardNo=32
[14:0721:21.385] - 0:0:0:0:0:0:0:1:web:shwldml@naver.com:http://localhost:8081/spring/reply/insert?refBno=32&replyContent=안녕!&replyWriter=3
[14:0721:21.394] - 0:0:0:0:0:0:0:1:web:shwldml@naver.com:http://localhost:8081/spring/reply/selectReplyList?boardNo=32
[14:0726:26.872] - 0:0:0:0:0:0:0:1:web:shwldml@naver.com:http://localhost:8081/spring/reply/insert?refBno=32&replyContent=?????????????????????&replyWriter=3
[14:0726:26.881] - 0:0:0:0:0:0:0:1:web:shwldml@naver.com:http://localhost:8081/spring/reply/selectReplyList?boardNo=32
[14:0919:19.549] - 0:0:0:0:0:0:0:1:web:shwldml@naver.com:http://localhost:8081/spring/board/detail/N/32
[14:0919:19.840] - 0:0:0:0:0:0:0:1:web:shwldml@naver.com:http://localhost:8081/spring/reply/selectReplyList?boardNo=32
[14:0945:45.208] - 0:0:0:0:0:0:0:1:web:shwldml@naver.com:http://localhost:8081/spring/main
[14:0945:45.257] - 0:0:0:0:0:0:0:1:web:shwldml@naver.com:http://localhost:8081/spring/member/selectAll
[14:0946:46.309] - 0:0:0:0:0:0:0:1:web:shwldml@naver.com:http://localhost:8081/spring/member/logout
[14:0946:46.315] - 0:0:0:0:0:0:0:1:web::http://localhost:8081/spring/main
[14:0946:46.343] - 0:0:0:0:0:0:0:1:web::http://localhost:8081/spring/member/selectAll
[14:0956:56.355] - 0:0:0:0:0:0:0:1:web::http://localhost:8081/spring/member/selectAll
[14:106:06.345] - 0:0:0:0:0:0:0:1:web::http://localhost:8081/spring/member/selectAll
[14:1016:16.353] - 0:0:0:0:0:0:0:1:web::http://localhost:8081/spring/member/selectAll
[14:1026:26.353] - 0:0:0:0:0:0:0:1:web::http://localhost:8081/spring/member/selectAll
[14:1036:36.359] - 0:0:0:0:0:0:0:1:web::http://localhost:8081/spring/member/selectAll
[14:1046:46.349] - 0:0:0:0:0:0:0:1:web::http://localhost:8081/spring/member/selectAll
[14:1056:56.344] - 0:0:0:0:0:0:0:1:web::http://localhost:8081/spring/member/selectAll
[14:116:06.357] - 0:0:0:0:0:0:0:1:web::http://localhost:8081/spring/member/selectAll
[14:119:09.184] - 0:0:0:0:0:0:0:1:web::http://localhost:8081/spring/main
[14:119:09.249] - 0:0:0:0:0:0:0:1:web::http://localhost:8081/spring/member/selectAll
[14:1110:10.190] - 0:0:0:0:0:0:0:1:web::http://localhost:8081/spring/main
[14:1110:10.221] - 0:0:0:0:0:0:0:1:web::http://localhost:8081/spring/member/selectAll
[14:1113:13.190] - 0:0:0:0:0:0:0:1:web::http://localhost:8081/spring/board/list/N
[14:1113:13.861] - 0:0:0:0:0:0:0:1:web::http://localhost:8081/spring/board/detail/N/32
[14:1114:14.112] - 0:0:0:0:0:0:0:1:web::http://localhost:8081/spring/reply/selectReplyList?boardNo=32
[14:1119:19.128] - 0:0:0:0:0:0:0:1:web::http://localhost:8081/spring/member/login?userId=shwldml@naver.com&userPwd=1234&saveId=on
[14:1119:19.204] - 0:0:0:0:0:0:0:1:web:shwldml@naver.com:http://localhost:8081/spring/main
[14:1119:19.257] - 0:0:0:0:0:0:0:1:web:shwldml@naver.com:http://localhost:8081/spring/member/selectAll
[14:1120:20.941] - 0:0:0:0:0:0:0:1:web:shwldml@naver.com:http://localhost:8081/spring/board/list/N
[14:1121:21.892] - 0:0:0:0:0:0:0:1:web:shwldml@naver.com:http://localhost:8081/spring/board/detail/N/32
[14:1121:21.927] - 0:0:0:0:0:0:0:1:web:shwldml@naver.com:http://localhost:8081/spring/reply/selectReplyList?boardNo=32
[14:1637:37.031] - 0:0:0:0:0:0:0:1:web::http://localhost:8081/spring/board/detail/N/32
[14:1722:22.871] - 0:0:0:0:0:0:0:1:web::http://localhost:8081/spring/board/detail/N/32
[14:1723:23.170] - 0:0:0:0:0:0:0:1:web::http://localhost:8081/spring/reply/selectReplyList?boardNo=32
[14:1729:29.519] - 0:0:0:0:0:0:0:1:web::http://localhost:8081/spring/member/login?userId=shwldml@naver.com&userPwd=1234&saveId=on
[14:1729:29.620] - 0:0:0:0:0:0:0:1:web:shwldml@naver.com:http://localhost:8081/spring/main
[14:1729:29.759] - 0:0:0:0:0:0:0:1:web:shwldml@naver.com:http://localhost:8081/spring/member/selectAll
[14:1731:31.445] - 0:0:0:0:0:0:0:1:web:shwldml@naver.com:http://localhost:8081/spring/board/list/N
[14:1732:32.212] - 0:0:0:0:0:0:0:1:web:shwldml@naver.com:http://localhost:8081/spring/board/detail/N/32
[14:1732:32.287] - 0:0:0:0:0:0:0:1:web:shwldml@naver.com:http://localhost:8081/spring/reply/selectReplyList?boardNo=32
[14:1739:39.016] - 0:0:0:0:0:0:0:1:web:shwldml@naver.com:http://localhost:8081/spring/reply/update?replyNo=11&replyContent=호호호히히히히히 수정!
[14:1818:18.537] - 0:0:0:0:0:0:0:1:web:shwldml@naver.com:http://localhost:8081/spring/board/detail/N/32
[14:1818:18.813] - 0:0:0:0:0:0:0:1:web:shwldml@naver.com:http://localhost:8081/spring/reply/selectReplyList?boardNo=32
[14:1822:22.672] - 0:0:0:0:0:0:0:1:web:shwldml@naver.com:http://localhost:8081/spring/reply/update?replyNo=11&replyContent=호호호히히히히히 수정! 수정?
[14:1823:23.649] - 0:0:0:0:0:0:0:1:web:shwldml@naver.com:http://localhost:8081/spring/reply/selectReplyList?boardNo=32
